[debug] [2023-12-26T06:17:22.592Z] ----------------------------------------------------------------------
[debug] [2023-12-26T06:17:22.593Z] Command:       /opt/homebrew/Cellar/node/21.4.0/bin/node /opt/homebrew/bin/firebase init
[debug] [2023-12-26T06:17:22.594Z] CLI Version:   12.9.1
[debug] [2023-12-26T06:17:22.594Z] Platform:      darwin
[debug] [2023-12-26T06:17:22.594Z] Node Version:  v21.4.0
[debug] [2023-12-26T06:17:22.594Z] Time:          Tue Dec 26 2023 01:17:22 GMT-0500 (Eastern Standard Time)
[debug] [2023-12-26T06:17:22.594Z] ----------------------------------------------------------------------
[debug] 
[debug] [2023-12-26T06:17:22.597Z] > command requires scopes: ["email","openid","https://www.googleapis.com/auth/cloudplatformprojects.readonly","https://www.googleapis.com/auth/firebase","https://www.googleapis.com/auth/cloud-platform"]
[debug] [2023-12-26T06:17:22.597Z] > authorizing via signed-in user (stein.rip@gmail.com)
[info] 
     ######## #### ########  ######## ########     ###     ######  ########
     ##        ##  ##     ## ##       ##     ##  ##   ##  ##       ##
     ######    ##  ########  ######   ########  #########  ######  ######
     ##        ##  ##    ##  ##       ##     ## ##     ##       ## ##
     ##       #### ##     ## ######## ########  ##     ##  ######  ########

You're about to initialize a Firebase project in this directory:

  /Users/stein/Documents/backend-movie

[info] 
=== Account Setup
[info] 
[info] Which account do you want to use for this project? Choose an account or add a new one now
[info] 
[debug] [2023-12-26T06:17:32.186Z] setProjectAccount(/Users/stein/Documents/backend-movie, admin@choiceaccessteam.org)
[info] 
[info] ✔  Using account: admin@choiceaccessteam.org 
[info] 
=== Project Setup
[info] 
[info] First, let's associate this project directory with a Firebase project.
[info] You can create multiple project aliases by running firebase use --add, 
[info] but for now we'll just set up a default project.
[info] 
[debug] [2023-12-26T06:17:37.300Z] > refreshing access token with scopes: []
[debug] [2023-12-26T06:17:37.302Z] >>> [apiv2][query] POST https://www.googleapis.com/oauth2/v3/token [none]
[debug] [2023-12-26T06:17:37.302Z] >>> [apiv2][body] POST https://www.googleapis.com/oauth2/v3/token [omitted]
[debug] [2023-12-26T06:17:37.485Z] <<< [apiv2][status] POST https://www.googleapis.com/oauth2/v3/token 400
[debug] [2023-12-26T06:17:37.485Z] <<< [apiv2][body] POST https://www.googleapis.com/oauth2/v3/token [omitted]
[debug] [2023-12-26T06:17:37.486Z] >>> [apiv2][query] GET https://firebase.googleapis.com/v1beta1/projects pageSize=100
[debug] [2023-12-26T06:17:37.593Z] <<< [apiv2][status] GET https://firebase.googleapis.com/v1beta1/projects 401
[debug] [2023-12-26T06:17:37.593Z] <<< [apiv2][body] GET https://firebase.googleapis.com/v1beta1/projects [omitted]
[debug] [2023-12-26T06:17:37.594Z] HTTP Error: 401, Request had invalid authentication credentials. Expected OAuth 2 access token, login cookie or other valid authentication credential. See https://developers.google.com/identity/sign-in/web/devconsole-project.
[debug] [2023-12-26T06:17:37.595Z] FirebaseError: HTTP Error: 401, Request had invalid authentication credentials. Expected OAuth 2 access token, login cookie or other valid authentication credential. See https://developers.google.com/identity/sign-in/web/devconsole-project.
    at responseToError (/opt/homebrew/lib/node_modules/firebase-tools/lib/responseToError.js:49:12)
    at RetryOperation._fn (/opt/homebrew/lib/node_modules/firebase-tools/lib/apiv2.js:285:77)
    at process.processTicksAndRejections (node:internal/process/task_queues:95:5)
[error] 
[error] Error: Failed to list Firebase projects. See firebase-debug.log for more info.
